============================================================
MULTI-SEED COMPARISON
============================================================
Device: cpu

Loading data...
Creating filled versions...
Coarsening...

============================================================
SEED = 42
============================================================
  All seeds set to 42

  Training zero_fill...
    R² = 0.2060

  Training replicate_fill...
    R² = 0.3692

  Training laplace_fill...
    R² = 0.4209

============================================================
SEED = 123
============================================================
  All seeds set to 123

  Training zero_fill...
    R² = 0.2312

  Training replicate_fill...
    R² = 0.3741

  Training laplace_fill...
    R² = 0.3521

============================================================
SEED = 456
============================================================
  All seeds set to 456

  Training zero_fill...
    R² = 0.1838

  Training replicate_fill...
    R² = 0.2964

  Training laplace_fill...
    R² = 0.4471

============================================================
SEED = 789
============================================================
  All seeds set to 789

  Training zero_fill...
    R² = 0.2120

  Training replicate_fill...
    R² = 0.2863

  Training laplace_fill...
    R² = 0.3930

============================================================
SEED = 1011
============================================================
  All seeds set to 1011

  Training zero_fill...
    R² = 0.2205

  Training replicate_fill...
    R² = 0.3474

  Training laplace_fill...
    R² = 0.3916

============================================================
FINAL RESULTS (mean ± std over 5 seeds)
============================================================

Method                     Overall R²         Coastal R²      Open Ocean R²
----------------------------------------------------------------------------
zero_fill          0.211 ± 0.016      0.155 ± 0.013      0.280 ± 0.024
replicate_fill     0.335 ± 0.037      0.294 ± 0.042      0.384 ± 0.038
laplace_fill       0.401 ± 0.032      0.372 ± 0.033      0.434 ± 0.030

✓ Results saved to ./output_three_methods_multiseed/results_multiseed.json
✓ Plot saved

Done!
✓ Plot with error bars saved
✓ Plot without error bars saved

Done!
