============================================================
MULTI-SEED COMPARISON
============================================================
Device: cpu

Loading data...
Creating filled versions...
Coarsening...

============================================================
SEED = 12
============================================================
  All seeds set to 12

  Training zero_fill...
    R² = 0.1965

  Training replicate_fill...
    R² = 0.2747

  Training laplace_fill...
    R² = 0.3636

============================================================
SEED = 124
============================================================
  All seeds set to 124

  Training zero_fill...
    R² = 0.2455

  Training replicate_fill...
    R² = 0.3242

  Training laplace_fill...
    R² = 0.3949

============================================================
SEED = 458
============================================================
  All seeds set to 458

  Training zero_fill...
    R² = 0.2022

  Training replicate_fill...
    R² = 0.2898

  Training laplace_fill...
    R² = 0.4123

============================================================
SEED = 789
============================================================
  All seeds set to 789

  Training zero_fill...
    R² = 0.2120

  Training replicate_fill...
    R² = 0.2863

  Training laplace_fill...
    R² = 0.3930

============================================================
SEED = 1120
============================================================
  All seeds set to 1120

  Training zero_fill...
    R² = 0.2187

  Training replicate_fill...
    R² = 0.3675

  Training laplace_fill...
    R² = 0.3851

============================================================
FINAL RESULTS (mean ± std over 5 seeds)
============================================================

Method                     Overall R²         Coastal R²      Open Ocean R²
----------------------------------------------------------------------------
zero_fill          0.215 ± 0.017      0.158 ± 0.015      0.284 ± 0.017
replicate_fill     0.309 ± 0.034      0.254 ± 0.042      0.376 ± 0.032
laplace_fill       0.390 ± 0.016      0.361 ± 0.014      0.423 ± 0.023

✓ Results saved to ./output_three_methods_multiseed/results_multiseed.json
✓ Plot saved

Done!
✓ Plot with error bars saved
✓ Plot without error bars saved

Done!
