✓ Imported GZ21 FullyCNN
============================================================
FAIR COMPARISON: Zero-fill vs Physics-fill
Both predict the SAME ocean-only S_T target
============================================================

Device: cpu

============================================================
LOADING ORIGINAL DATA
============================================================
Shape: (364, 1800, 3600)
Land fraction: 33.3%

============================================================
LOADING FILLED DATA
============================================================
Shape: (364, 1800, 3600)

============================================================
COMPUTING COARSE DATA AND TARGET
============================================================
Zero-fill coarse shape: (364, 450, 900)
Physics-fill coarse shape: (364, 450, 900)
Ocean mask shape: (450, 900)
Ocean points: 276445

Target S_T (ocean-only) range: [0.0000, 55.8964]

============================================================
CREATING DATASETS
============================================================
Train: 291, Val: 73

============================================================
TRAINING: ZERO-FILL
============================================================
  Epoch   0: train=15.3125, val=13.2086
  Epoch  10: train=-0.3556, val=-0.5620
  Epoch  20: train=-1.7298, val=-1.9518
  Epoch  30: train=-4.0675, val=-3.7473
  Epoch  40: train=-4.4534, val=-4.4218
  Epoch  50: train=-5.2634, val=-4.8171
  Epoch  60: train=-5.2303, val=-5.1289
  Epoch  70: train=-5.6139, val=-5.3086
  Epoch  80: train=-6.0529, val=-5.5605
  Epoch  90: train=-6.1584, val=-5.5290

============================================================
TRAINING: PHYSICS-FILL (Neumann)
============================================================
  Epoch   0: train=15.6737, val=12.0596
  Epoch  10: train=-2.5165, val=-3.4152
  Epoch  20: train=-1.9811, val=-3.3961
  Epoch  30: train=-6.7903, val=-6.3519
  Epoch  40: train=-7.4059, val=-6.8225
  Epoch  50: train=-7.6927, val=-6.8626
  Epoch  60: train=-7.8945, val=-7.1630
  Epoch  70: train=-7.9920, val=-7.3148
  Epoch  80: train=-8.0573, val=-7.2224
  Epoch  90: train=-8.2397, val=-7.5779

============================================================
EVALUATING MODELS
============================================================

============================================================
RESULTS COMPARISON
============================================================

Method                            R²       Corr         RMSE
------------------------------------------------------------
Zero-fill                     0.2105     0.4792       0.1790
Physics-fill (Neumann)        0.3666     0.6396       0.1603

============================================================
SAVING MODELS
============================================================
  ✓ Saved model_zero_fill.pth
  ✓ Saved model_physics_fill.pth

============================================================
GENERATING PLOTS
============================================================
  ✓ Saved training_comparison.png
  ✓ Saved r2_comparison.png
  ✓ Saved scatter_comparison.png
  ✓ Saved results.json

============================================================
FINAL SUMMARY
============================================================

    Both methods predict the SAME target: ocean-only S_T
    
    Results (364 days, 100 epochs):
    
    ┌─────────────────────────┬────────────┬────────────┐
    │ Method                  │     R²     │    RMSE    │
    ├─────────────────────────┼────────────┼────────────┤
    │ Zero-fill               │    0.2105  │    0.1790  │
    │ Physics-fill (Neumann)  │    0.3666  │    0.1603  │
    └─────────────────────────┴────────────┴────────────┘
    
    Outputs saved to: ./output_comparison_1year/
    
