============================================================
COMPARE PREDICTION MAPS
Zero-fill vs Physics-fill
============================================================
Device: cpu

Loading models...
  ✓ Loaded zero-fill model
  ✓ Loaded physics-fill model

Loading data...
  Original shape: (364, 1800, 3600)
  Filled shape: (364, 1800, 3600)

Computing coarse data...
  Coarse shape: (364, 450, 900)
  Ocean points: 276445
  Coastal points: 66059
  Open ocean points: 210386

Making predictions...
  ✓ Zero-fill predictions done
  ✓ Physics-fill predictions done

Generating plots...
  ✓ Saved map_comparison_day0.png
  ✓ Saved map_comparison_day25.png
  ✓ Saved map_comparison_day50.png
  ✓ Saved map_comparison_day75.png
  ✓ Saved mean_error_comparison.png
  ✓ Saved coastal_vs_open_ocean.png

============================================================
REGIONAL R² COMPARISON
============================================================

Region                       Zero-fill Physics-fill       Winner
-----------------------------------------------------------------
Coastal (near land)             0.0672       0.1790 Physics ✓
Open Ocean                      0.1596       0.2435 Physics ✓

============================================================
OUTPUTS SAVED
============================================================
  - map_comparison_day*.png  (4 files)
  - mean_error_comparison.png
  - coastal_vs_open_ocean.png
