============================================================
PACIFIC BOX COMPARISON
Testing R² far from land
============================================================
Device: cpu

Loading models...
  ✓ Models loaded

Loading data...
  Original shape: (364, 1800, 3600)

Computing coarse data...
  Coarse shape: (364, 450, 900)
  Ocean points: 276445

Creating Pacific box mask...
  Pacific box: lat[175:275], lon[450:550]
  Pacific ocean points: 2082
  Land points in box: 7918
  WARNING: Box contains some land! Adjust coordinates.

Making predictions...
  ✓ Predictions done

============================================================
R² COMPARISON BY REGION
============================================================

Region                            Zero-fill R² Physics-fill R²   Difference
---------------------------------------------------------------------------
Global Ocean                            0.2097          0.3650       0.1553
Pacific Box (far from land)             0.1998          0.3964       0.1965

Generating plots...
  ✓ Saved pacific_box_comparison.png

============================================================
SUMMARY
============================================================

Global improvement: 0.1553 (74.0%)
Pacific box improvement: 0.1965 (98.4%)

→ Pacific box still shows difference
  This is because models were trained on different data
