============================================================
MULTI-SEED COMPARISON
============================================================
Device: cpu

Loading data...
Creating filled versions...
Coarsening...

============================================================
SEED = 8
============================================================
  All seeds set to 8

  Training zero_fill...
    R² = 0.2022

  Training replicate_fill...
    R² = 0.2873

  Training laplace_fill...
    R² = 0.3716

============================================================
SEED = 65
============================================================
  All seeds set to 65

  Training zero_fill...
    R² = 0.2087

  Training replicate_fill...
    R² = 0.3235

  Training laplace_fill...
    R² = 0.4314

============================================================
SEED = 788
============================================================
  All seeds set to 788

  Training zero_fill...
    R² = 0.2163

  Training replicate_fill...
    R² = 0.3148

  Training laplace_fill...
    R² = 0.4139

============================================================
FINAL RESULTS (mean ± std over 5 seeds)
============================================================

Method                     Overall R²         Coastal R²      Open Ocean R²
----------------------------------------------------------------------------
zero_fill          0.209 ± 0.006      0.158 ± 0.007      0.272 ± 0.007
replicate_fill     0.309 ± 0.015      0.249 ± 0.027      0.384 ± 0.026
laplace_fill       0.406 ± 0.025      0.374 ± 0.026      0.442 ± 0.027

✓ Results saved to ./output_three_methods_multiseed/results_multiseed.json
✓ Plot saved

Done!
✓ Plot with error bars saved
✓ Plot without error bars saved

Done!
